<?xml version="1.0" encoding="UTF-8"?>
<!-- Generated by org.testng.reporters.JUnitReportReporter -->
<testsuite hostname="Rubaiyats-MacBook-Air.local" failures="0" tests="18" name="Selenium.netlifyAuto" time="3.672" errors="0" timestamp="2023-08-26T04:40:20 BDT" skipped="0">
  <testcase classname="Selenium.netlifyAuto" name="urlCheck" time="0.008"/>
  <system-out/>
  <testcase classname="Selenium.netlifyAuto" name="titleCheck" time="0.005"/>
  <system-out/>
  <testcase classname="Selenium.netlifyAuto" name="alertButton" time="0.048"/>
  <system-out/>
  <testcase classname="Selenium.netlifyAuto" name="doubleClickMe" time="0.137"/>
  <system-out/>
  <testcase classname="Selenium.netlifyAuto" name="dragAndDrop" time="0.037"/>
  <system-out/>
  <testcase classname="Selenium.netlifyAuto" name="loggingin" time="0.195"/>
  <system-out/>
  <testcase classname="Selenium.netlifyAuto" name="backToHome" time="0.166"/>
  <system-out/>
  <testcase classname="Selenium.netlifyAuto" name="contactAndHome" time="2.272"/>
  <system-out/>
  <testcase classname="Selenium.netlifyAuto" name="name" time="0.056"/>
  <system-out/>
  <testcase classname="Selenium.netlifyAuto" name="radioButton" time="0.046"/>
  <system-out/>
  <testcase classname="Selenium.netlifyAuto" name="dropDown" time="0.082"/>
  <system-out/>
  <testcase classname="Selenium.netlifyAuto" name="datalist" time="0.028"/>
  <system-out/>
  <testcase classname="Selenium.netlifyAuto" name="colorPicker" time="0.025"/>
  <system-out/>
  <testcase classname="Selenium.netlifyAuto" name="selectDate" time="0.070"/>
  <system-out/>
  <testcase classname="Selenium.netlifyAuto" name="range" time="0.364"/>
  <system-out/>
  <testcase classname="Selenium.netlifyAuto" name="uploadFile" time="0.029"/>
  <system-out/>
  <testcase classname="Selenium.netlifyAuto" name="selectNumber" time="0.025"/>
  <system-out/>
  <testcase classname="Selenium.netlifyAuto" name="textArea" time="0.079"/>
  <system-out/>
</testsuite> <!-- Selenium.netlifyAuto -->
