<?xml version="1.0" encoding="UTF-8"?>
<!-- Generated by org.testng.reporters.JUnitReportReporter -->
<testsuite hostname="Rubaiyats-MacBook-Air.local" failures="0" tests="11" name="Selenium.netlifyAuto" time="5.410" errors="0" timestamp="2023-08-25T04:18:54 BDT" skipped="0">
  <testcase classname="Selenium.netlifyAuto" name="urlCheck" time="0.074"/>
  <system-out/>
  <testcase classname="Selenium.netlifyAuto" name="titleCheck" time="0.005"/>
  <system-out/>
  <testcase classname="Selenium.netlifyAuto" name="alertButton" time="0.452"/>
  <system-out/>
  <testcase classname="Selenium.netlifyAuto" name="doubleClickMe" time="0.228"/>
  <system-out/>
  <testcase classname="Selenium.netlifyAuto" name="dragAndDrop" time="0.038"/>
  <system-out/>
  <testcase classname="Selenium.netlifyAuto" name="loggingin" time="0.864"/>
  <system-out/>
  <testcase classname="Selenium.netlifyAuto" name="backToHome" time="0.211"/>
  <system-out/>
  <testcase classname="Selenium.netlifyAuto" name="contactAndHome" time="2.799"/>
  <system-out/>
  <testcase classname="Selenium.netlifyAuto" name="name" time="0.170"/>
  <system-out/>
  <testcase classname="Selenium.netlifyAuto" name="radioButton" time="0.097"/>
  <system-out/>
  <testcase classname="Selenium.netlifyAuto" name="dropDown" time="0.472"/>
  <system-out/>
</testsuite> <!-- Selenium.netlifyAuto -->
