<?xml version="1.0" encoding="UTF-8"?>
<!-- Generated by org.testng.reporters.JUnitReportReporter -->
<testsuite hostname="Rubaiyats-MacBook-Air.local" failures="0" tests="8" name="Selenium.TestNGannotation" time="12.107" errors="0" timestamp="2023-08-22T23:23:45 BDT" skipped="0">
  <testcase classname="Selenium.TestNGannotation" name="urlCheck" time="0.157"/>
  <system-out/>
  <testcase classname="Selenium.TestNGannotation" name="titleCheck" time="0.097"/>
  <system-out/>
  <testcase classname="Selenium.TestNGannotation" name="loggingIn" time="6.256"/>
  <system-out/>
  <testcase classname="Selenium.TestNGannotation" name="addRemoveCart" time="1.012"/>
  <system-out/>
  <testcase classname="Selenium.TestNGannotation" name="openCart" time="0.950"/>
  <system-out/>
  <testcase classname="Selenium.TestNGannotation" name="checkOut" time="0.355"/>
  <system-out/>
  <testcase classname="Selenium.TestNGannotation" name="orderInfo" time="2.400"/>
  <system-out/>
  <testcase classname="Selenium.TestNGannotation" name="finishToHome" time="0.880"/>
  <system-out/>
</testsuite> <!-- Selenium.TestNGannotation -->
