<?xml version="1.0" encoding="UTF-8"?>
<!-- Generated by org.testng.reporters.JUnitReportReporter -->
<testsuite hostname="Rubaiyats-MacBook-Air.local" failures="0" tests="8" name="Selenium.TestNGannotation" time="13.262" errors="0" timestamp="2023-08-22T23:44:03 BDT" skipped="0">
  <testcase classname="Selenium.TestNGannotation" name="urlCheck" time="0.201"/>
  <system-out/>
  <testcase classname="Selenium.TestNGannotation" name="titleCheck" time="0.013"/>
  <system-out/>
  <testcase classname="Selenium.TestNGannotation" name="loggingIn" time="7.061"/>
  <system-out/>
  <testcase classname="Selenium.TestNGannotation" name="addRemoveCart" time="1.111"/>
  <system-out/>
  <testcase classname="Selenium.TestNGannotation" name="openCart" time="0.915"/>
  <system-out/>
  <testcase classname="Selenium.TestNGannotation" name="checkOut" time="0.325"/>
  <system-out/>
  <testcase classname="Selenium.TestNGannotation" name="orderInfo" time="2.648"/>
  <system-out/>
  <testcase classname="Selenium.TestNGannotation" name="finishToHome" time="0.988"/>
  <system-out/>
</testsuite> <!-- Selenium.TestNGannotation -->
