<?xml version="1.0" encoding="UTF-8"?>
<!-- Generated by org.testng.reporters.JUnitReportReporter -->
<testsuite hostname="Rubaiyats-MacBook-Air.local" failures="0" tests="8" name="Selenium.TestNGannotation" time="0.628" errors="0" timestamp="2023-08-26T04:43:11 BDT" skipped="0">
  <testcase classname="Selenium.TestNGannotation" name="urlCheck" time="0.008"/>
  <system-out/>
  <testcase classname="Selenium.TestNGannotation" name="titleCheck" time="0.003"/>
  <system-out/>
  <testcase classname="Selenium.TestNGannotation" name="loggingIn" time="0.195"/>
  <system-out/>
  <testcase classname="Selenium.TestNGannotation" name="addRemoveCart" time="0.058"/>
  <system-out/>
  <testcase classname="Selenium.TestNGannotation" name="openCart" time="0.058"/>
  <system-out/>
  <testcase classname="Selenium.TestNGannotation" name="checkOut" time="0.053"/>
  <system-out/>
  <testcase classname="Selenium.TestNGannotation" name="orderInfo" time="0.148"/>
  <system-out/>
  <testcase classname="Selenium.TestNGannotation" name="finishToHome" time="0.105"/>
  <system-out/>
</testsuite> <!-- Selenium.TestNGannotation -->
